<?xml version="1.0" encoding="UTF-8"?>
<!-- Generated by org.testng.reporters.JUnitXMLReporter -->
<testsuite hostname="QT-INNO-LT1428" ignored="0" name="Default test" tests="14" failures="0" timestamp="2022-03-25T19:02:20 IST" time="248.546" errors="0">
  <testcase name="testSearchByExactMovieTitleReturnsMovieAsFirstResult" time="11.879" classname="com.qt.qualithon.test.MovieSearchTest"/>
  <testcase name="testSearchByExactMovieTitleReturnsMovieAsFirstResult" time="11.179" classname="com.qt.qualithon.test.MovieSearchTest"/>
  <testcase name="testMovieMetadataOnWebHasCorrectReleaseYear" time="13.095" classname="com.qt.qualithon.test.MovieSearchTest"/>
  <testcase name="testMovieMetadataOnWebHasCorrectReleaseYear" time="12.999" classname="com.qt.qualithon.test.MovieSearchTest"/>
  <testcase name="testMovieMetadataOnWebHasCorrectDirectorName" time="12.224" classname="com.qt.qualithon.test.MovieSearchTest"/>
  <testcase name="testMovieMetadataOnWebHasCorrectDirectorName" time="12.131" classname="com.qt.qualithon.test.MovieSearchTest"/>
  <testcase name="testMovieMetadataOnWebHasCorrectWriters" time="11.582" classname="com.qt.qualithon.test.MovieSearchTest"/>
  <testcase name="testMovieMetadataOnWebHasCorrectWriters" time="13.32" classname="com.qt.qualithon.test.MovieSearchTest"/>
  <testcase name="testMovieMetadataOnWebHasCorrectGenres" time="11.542" classname="com.qt.qualithon.test.MovieSearchTest"/>
  <testcase name="testMovieMetadataOnWebHasCorrectGenres" time="11.967" classname="com.qt.qualithon.test.MovieSearchTest"/>
  <testcase name="testMovieMetadataOnWebHasCorrectMaturityRating" time="13.614" classname="com.qt.qualithon.test.MovieSearchTest"/>
  <testcase name="testMovieMetadataOnWebHasCorrectMaturityRating" time="11.848" classname="com.qt.qualithon.test.MovieSearchTest"/>
  <testcase name="testMovieMetadataOnWebHasCorrectMovieRatingScore" time="11.361" classname="com.qt.qualithon.test.MovieSearchTest"/>
  <testcase name="testMovieMetadataOnWebHasCorrectMovieRatingScore" time="12.224" classname="com.qt.qualithon.test.MovieSearchTest"/>
</testsuite> <!-- Default test -->
