<?xml version="1.0" encoding="UTF-8"?>
<testng-results ignored="2" total="4" passed="2" failed="0" skipped="0">
  <reporter-output>
  </reporter-output>
  <suite started-at="2022-03-24T16:34:27 IST" name="Default suite" finished-at="2022-03-24T16:36:15 IST" duration-ms="108645">
    <groups>
    </groups>
    <test started-at="2022-03-24T16:34:27 IST" name="Default test" finished-at="2022-03-24T16:36:15 IST" duration-ms="108645">
      <class name="com.qt.qualithon.test.MovieSearchRottenTomatoesTest">
        <test-method is-config="true" signature="testSessionSetUp()[pri:0, instance:com.qt.qualithon.test.MovieSearchRottenTomatoesTest@4bb33f74]" started-at="2022-03-24T16:34:27 IST" name="testSessionSetUp" finished-at="2022-03-24T16:34:30 IST" duration-ms="3570" status="PASS">
          <reporter-output>
          </reporter-output>
        </test-method> <!-- testSessionSetUp -->
        <test-method signature="testMovieMetadataOnWebHasCorrectDirectorName(java.lang.String)[pri:0, instance:com.qt.qualithon.test.MovieSearchRottenTomatoesTest@4bb33f74]" started-at="2022-03-24T16:34:30 IST" name="testMovieMetadataOnWebHasCorrectDirectorName" data-provider="popularMovieTitles" finished-at="2022-03-24T16:35:23 IST" duration-ms="52474" status="PASS">
          <params>
            <param index="0">
              <value>
                <![CDATA[A Clockwork Orange]]>
              </value>
            </param>
          </params>
          <reporter-output>
          </reporter-output>
        </test-method> <!-- testMovieMetadataOnWebHasCorrectDirectorName -->
        <test-method is-config="true" signature="testTearDown()[pri:0, instance:com.qt.qualithon.test.MovieSearchRottenTomatoesTest@4bb33f74]" started-at="2022-03-24T16:35:23 IST" name="testTearDown" finished-at="2022-03-24T16:35:23 IST" duration-ms="430" status="PASS">
          <reporter-output>
          </reporter-output>
        </test-method> <!-- testTearDown -->
        <test-method is-config="true" signature="testSessionSetUp()[pri:0, instance:com.qt.qualithon.test.MovieSearchRottenTomatoesTest@4bb33f74]" started-at="2022-03-24T16:35:23 IST" name="testSessionSetUp" finished-at="2022-03-24T16:35:25 IST" duration-ms="2282" status="PASS">
          <reporter-output>
          </reporter-output>
        </test-method> <!-- testSessionSetUp -->
        <test-method signature="testMovieMetadataOnWebHasCorrectDirectorName(java.lang.String)[pri:0, instance:com.qt.qualithon.test.MovieSearchRottenTomatoesTest@4bb33f74]" started-at="2022-03-24T16:35:25 IST" name="testMovieMetadataOnWebHasCorrectDirectorName" data-provider="popularMovieTitles" finished-at="2022-03-24T16:36:15 IST" duration-ms="49518" status="PASS">
          <params>
            <param index="0">
              <value>
                <![CDATA[The Dark Knight Rises]]>
              </value>
            </param>
          </params>
          <reporter-output>
          </reporter-output>
        </test-method> <!-- testMovieMetadataOnWebHasCorrectDirectorName -->
        <test-method is-config="true" signature="testTearDown()[pri:0, instance:com.qt.qualithon.test.MovieSearchRottenTomatoesTest@4bb33f74]" started-at="2022-03-24T16:36:15 IST" name="testTearDown" finished-at="2022-03-24T16:36:15 IST" duration-ms="310" status="PASS">
          <reporter-output>
          </reporter-output>
        </test-method> <!-- testTearDown -->
      </class> <!-- com.qt.qualithon.test.MovieSearchRottenTomatoesTest -->
    </test> <!-- Default test -->
  </suite> <!-- Default suite -->
</testng-results>
