<?xml version="1.0" encoding="UTF-8"?>
<testng-results ignored="0" total="2" passed="2" failed="0" skipped="0">
  <reporter-output>
  </reporter-output>
  <suite started-at="2022-03-23T21:31:57 IST" name="Default suite" finished-at="2022-03-23T21:32:34 IST" duration-ms="36681">
    <groups>
    </groups>
    <test started-at="2022-03-23T21:31:57 IST" name="Default test" finished-at="2022-03-23T21:32:34 IST" duration-ms="36681">
      <class name="com.qt.qualithon.test.MovieSearchTest">
        <test-method is-config="true" signature="testSessionSetUp()[pri:0, instance:com.qt.qualithon.test.MovieSearchTest@10feca44]" started-at="2022-03-23T21:31:57 IST" name="testSessionSetUp" finished-at="2022-03-23T21:32:00 IST" duration-ms="2930" status="PASS">
          <reporter-output>
          </reporter-output>
        </test-method> <!-- testSessionSetUp -->
        <test-method signature="testMovieMetadataOnWebHasCorrectGenres(java.lang.String)[pri:0, instance:com.qt.qualithon.test.MovieSearchTest@10feca44]" started-at="2022-03-23T21:32:00 IST" name="testMovieMetadataOnWebHasCorrectGenres" data-provider="popularMovieTitles" finished-at="2022-03-23T21:32:15 IST" duration-ms="14905" status="PASS">
          <params>
            <param index="0">
              <value>
                <![CDATA[A Clockwork Orange]]>
              </value>
            </param>
          </params>
          <reporter-output>
          </reporter-output>
        </test-method> <!-- testMovieMetadataOnWebHasCorrectGenres -->
        <test-method is-config="true" signature="testTearDown()[pri:0, instance:com.qt.qualithon.test.MovieSearchTest@10feca44]" started-at="2022-03-23T21:32:15 IST" name="testTearDown" finished-at="2022-03-23T21:32:16 IST" duration-ms="612" status="PASS">
          <reporter-output>
          </reporter-output>
        </test-method> <!-- testTearDown -->
        <test-method is-config="true" signature="testSessionSetUp()[pri:0, instance:com.qt.qualithon.test.MovieSearchTest@10feca44]" started-at="2022-03-23T21:32:16 IST" name="testSessionSetUp" finished-at="2022-03-23T21:32:17 IST" duration-ms="1651" status="PASS">
          <reporter-output>
          </reporter-output>
        </test-method> <!-- testSessionSetUp -->
        <test-method signature="testMovieMetadataOnWebHasCorrectGenres(java.lang.String)[pri:0, instance:com.qt.qualithon.test.MovieSearchTest@10feca44]" started-at="2022-03-23T21:32:17 IST" name="testMovieMetadataOnWebHasCorrectGenres" data-provider="popularMovieTitles" finished-at="2022-03-23T21:32:33 IST" duration-ms="15921" status="PASS">
          <params>
            <param index="0">
              <value>
                <![CDATA[The Dark Knight Rises]]>
              </value>
            </param>
          </params>
          <reporter-output>
          </reporter-output>
        </test-method> <!-- testMovieMetadataOnWebHasCorrectGenres -->
        <test-method is-config="true" signature="testTearDown()[pri:0, instance:com.qt.qualithon.test.MovieSearchTest@10feca44]" started-at="2022-03-23T21:32:33 IST" name="testTearDown" finished-at="2022-03-23T21:32:34 IST" duration-ms="619" status="PASS">
          <reporter-output>
          </reporter-output>
        </test-method> <!-- testTearDown -->
      </class> <!-- com.qt.qualithon.test.MovieSearchTest -->
    </test> <!-- Default test -->
  </suite> <!-- Default suite -->
</testng-results>
