<?xml version="1.0" encoding="UTF-8"?>
<testng-results ignored="6" total="8" passed="2" failed="0" skipped="0">
  <reporter-output>
  </reporter-output>
  <suite started-at="2022-03-24T11:42:54 IST" name="Default suite" finished-at="2022-03-24T11:43:45 IST" duration-ms="50576">
    <groups>
    </groups>
    <test started-at="2022-03-24T11:42:54 IST" name="Default test" finished-at="2022-03-24T11:43:45 IST" duration-ms="50576">
      <class name="com.qt.qualithon.test.MovieSearchTest">
        <test-method is-config="true" signature="testSessionSetUp()[pri:0, instance:com.qt.qualithon.test.MovieSearchTest@6f46426d]" started-at="2022-03-24T11:42:55 IST" name="testSessionSetUp" finished-at="2022-03-24T11:42:57 IST" duration-ms="2733" status="PASS">
          <reporter-output>
          </reporter-output>
        </test-method> <!-- testSessionSetUp -->
        <test-method signature="testMovieMetadataOnWebHasCorrectMovieRatingScore(java.lang.String)[pri:0, instance:com.qt.qualithon.test.MovieSearchTest@6f46426d]" started-at="2022-03-24T11:42:57 IST" name="testMovieMetadataOnWebHasCorrectMovieRatingScore" data-provider="popularMovieTitles" finished-at="2022-03-24T11:43:20 IST" duration-ms="22862" status="PASS">
          <params>
            <param index="0">
              <value>
                <![CDATA[A Clockwork Orange]]>
              </value>
            </param>
          </params>
          <reporter-output>
          </reporter-output>
        </test-method> <!-- testMovieMetadataOnWebHasCorrectMovieRatingScore -->
        <test-method is-config="true" signature="testTearDown()[pri:0, instance:com.qt.qualithon.test.MovieSearchTest@6f46426d]" started-at="2022-03-24T11:43:20 IST" name="testTearDown" finished-at="2022-03-24T11:43:20 IST" duration-ms="316" status="PASS">
          <reporter-output>
          </reporter-output>
        </test-method> <!-- testTearDown -->
        <test-method is-config="true" signature="testSessionSetUp()[pri:0, instance:com.qt.qualithon.test.MovieSearchTest@6f46426d]" started-at="2022-03-24T11:43:20 IST" name="testSessionSetUp" finished-at="2022-03-24T11:43:22 IST" duration-ms="1488" status="PASS">
          <reporter-output>
          </reporter-output>
        </test-method> <!-- testSessionSetUp -->
        <test-method signature="testMovieMetadataOnWebHasCorrectMovieRatingScore(java.lang.String)[pri:0, instance:com.qt.qualithon.test.MovieSearchTest@6f46426d]" started-at="2022-03-24T11:43:22 IST" name="testMovieMetadataOnWebHasCorrectMovieRatingScore" data-provider="popularMovieTitles" finished-at="2022-03-24T11:43:45 IST" duration-ms="22805" status="PASS">
          <params>
            <param index="0">
              <value>
                <![CDATA[The Dark Knight Rises]]>
              </value>
            </param>
          </params>
          <reporter-output>
          </reporter-output>
        </test-method> <!-- testMovieMetadataOnWebHasCorrectMovieRatingScore -->
        <test-method is-config="true" signature="testTearDown()[pri:0, instance:com.qt.qualithon.test.MovieSearchTest@6f46426d]" started-at="2022-03-24T11:43:45 IST" name="testTearDown" finished-at="2022-03-24T11:43:45 IST" duration-ms="310" status="PASS">
          <reporter-output>
          </reporter-output>
        </test-method> <!-- testTearDown -->
      </class> <!-- com.qt.qualithon.test.MovieSearchTest -->
    </test> <!-- Default test -->
  </suite> <!-- Default suite -->
</testng-results>
