<?xml version="1.0" encoding="UTF-8"?>
<testng-results ignored="0" total="2" passed="2" failed="0" skipped="0">
  <reporter-output>
  </reporter-output>
  <suite started-at="2022-03-23T16:22:47 IST" name="Default suite" finished-at="2022-03-23T16:23:22 IST" duration-ms="35616">
    <groups>
    </groups>
    <test started-at="2022-03-23T16:22:47 IST" name="Default test" finished-at="2022-03-23T16:23:22 IST" duration-ms="35616">
      <class name="com.qt.qualithon.test.MovieSearchTest">
        <test-method is-config="true" signature="testSessionSetUp()[pri:0, instance:com.qt.qualithon.test.MovieSearchTest@10feca44]" started-at="2022-03-23T16:22:47 IST" name="testSessionSetUp" finished-at="2022-03-23T16:22:49 IST" duration-ms="2781" status="PASS">
          <reporter-output>
          </reporter-output>
        </test-method> <!-- testSessionSetUp -->
        <test-method signature="testMovieMetadataOnWebHasCorrectDirectorName(java.lang.String)[pri:0, instance:com.qt.qualithon.test.MovieSearchTest@10feca44]" started-at="2022-03-23T16:22:49 IST" name="testMovieMetadataOnWebHasCorrectDirectorName" data-provider="popularMovieTitles" finished-at="2022-03-23T16:23:05 IST" duration-ms="15658" status="PASS">
          <params>
            <param index="0">
              <value>
                <![CDATA[A Clockwork Orange]]>
              </value>
            </param>
          </params>
          <reporter-output>
          </reporter-output>
        </test-method> <!-- testMovieMetadataOnWebHasCorrectDirectorName -->
        <test-method is-config="true" signature="testTearDown()[pri:0, instance:com.qt.qualithon.test.MovieSearchTest@10feca44]" started-at="2022-03-23T16:23:05 IST" name="testTearDown" finished-at="2022-03-23T16:23:06 IST" duration-ms="588" status="PASS">
          <reporter-output>
          </reporter-output>
        </test-method> <!-- testTearDown -->
        <test-method is-config="true" signature="testSessionSetUp()[pri:0, instance:com.qt.qualithon.test.MovieSearchTest@10feca44]" started-at="2022-03-23T16:23:06 IST" name="testSessionSetUp" finished-at="2022-03-23T16:23:07 IST" duration-ms="1474" status="PASS">
          <reporter-output>
          </reporter-output>
        </test-method> <!-- testSessionSetUp -->
        <test-method signature="testMovieMetadataOnWebHasCorrectDirectorName(java.lang.String)[pri:0, instance:com.qt.qualithon.test.MovieSearchTest@10feca44]" started-at="2022-03-23T16:23:07 IST" name="testMovieMetadataOnWebHasCorrectDirectorName" data-provider="popularMovieTitles" finished-at="2022-03-23T16:23:22 IST" duration-ms="14520" status="PASS">
          <params>
            <param index="0">
              <value>
                <![CDATA[The Dark Knight Rises]]>
              </value>
            </param>
          </params>
          <reporter-output>
          </reporter-output>
        </test-method> <!-- testMovieMetadataOnWebHasCorrectDirectorName -->
        <test-method is-config="true" signature="testTearDown()[pri:0, instance:com.qt.qualithon.test.MovieSearchTest@10feca44]" started-at="2022-03-23T16:23:22 IST" name="testTearDown" finished-at="2022-03-23T16:23:22 IST" duration-ms="555" status="PASS">
          <reporter-output>
          </reporter-output>
        </test-method> <!-- testTearDown -->
      </class> <!-- com.qt.qualithon.test.MovieSearchTest -->
    </test> <!-- Default test -->
  </suite> <!-- Default suite -->
</testng-results>
