<?xml version="1.0" encoding="UTF-8"?>
<testng-results ignored="0" total="2" passed="2" failed="0" skipped="0">
  <reporter-output>
  </reporter-output>
  <suite started-at="2022-03-23T15:50:02 IST" name="Default suite" finished-at="2022-03-23T15:50:32 IST" duration-ms="29605">
    <groups>
    </groups>
    <test started-at="2022-03-23T15:50:02 IST" name="Default test" finished-at="2022-03-23T15:50:32 IST" duration-ms="29605">
      <class name="com.qt.qualithon.test.MovieSearchTest">
        <test-method is-config="true" signature="testSessionSetUp()[pri:0, instance:com.qt.qualithon.test.MovieSearchTest@10feca44]" started-at="2022-03-23T15:50:02 IST" name="testSessionSetUp" finished-at="2022-03-23T15:50:04 IST" duration-ms="2424" status="PASS">
          <reporter-output>
          </reporter-output>
        </test-method> <!-- testSessionSetUp -->
        <test-method signature="testMovieMetadataOnWebHasCorrectReleaseYear(java.lang.String)[pri:0, instance:com.qt.qualithon.test.MovieSearchTest@10feca44]" started-at="2022-03-23T15:50:04 IST" name="testMovieMetadataOnWebHasCorrectReleaseYear" data-provider="popularMovieTitles" finished-at="2022-03-23T15:50:17 IST" duration-ms="13013" status="PASS">
          <params>
            <param index="0">
              <value>
                <![CDATA[A Clockwork Orange]]>
              </value>
            </param>
          </params>
          <reporter-output>
          </reporter-output>
        </test-method> <!-- testMovieMetadataOnWebHasCorrectReleaseYear -->
        <test-method is-config="true" signature="testTearDown()[pri:0, instance:com.qt.qualithon.test.MovieSearchTest@10feca44]" started-at="2022-03-23T15:50:17 IST" name="testTearDown" finished-at="2022-03-23T15:50:18 IST" duration-ms="549" status="PASS">
          <reporter-output>
          </reporter-output>
        </test-method> <!-- testTearDown -->
        <test-method is-config="true" signature="testSessionSetUp()[pri:0, instance:com.qt.qualithon.test.MovieSearchTest@10feca44]" started-at="2022-03-23T15:50:18 IST" name="testSessionSetUp" finished-at="2022-03-23T15:50:19 IST" duration-ms="1489" status="PASS">
          <reporter-output>
          </reporter-output>
        </test-method> <!-- testSessionSetUp -->
        <test-method signature="testMovieMetadataOnWebHasCorrectReleaseYear(java.lang.String)[pri:0, instance:com.qt.qualithon.test.MovieSearchTest@10feca44]" started-at="2022-03-23T15:50:19 IST" name="testMovieMetadataOnWebHasCorrectReleaseYear" data-provider="popularMovieTitles" finished-at="2022-03-23T15:50:31 IST" duration-ms="11574" status="PASS">
          <params>
            <param index="0">
              <value>
                <![CDATA[The Dark Knight Rises]]>
              </value>
            </param>
          </params>
          <reporter-output>
          </reporter-output>
        </test-method> <!-- testMovieMetadataOnWebHasCorrectReleaseYear -->
        <test-method is-config="true" signature="testTearDown()[pri:0, instance:com.qt.qualithon.test.MovieSearchTest@10feca44]" started-at="2022-03-23T15:50:31 IST" name="testTearDown" finished-at="2022-03-23T15:50:32 IST" duration-ms="521" status="PASS">
          <reporter-output>
          </reporter-output>
        </test-method> <!-- testTearDown -->
      </class> <!-- com.qt.qualithon.test.MovieSearchTest -->
    </test> <!-- Default test -->
  </suite> <!-- Default suite -->
</testng-results>
