<?xml version="1.0" encoding="UTF-8"?>
<testng-results ignored="0" total="2" passed="2" failed="0" skipped="0">
  <reporter-output>
  </reporter-output>
  <suite started-at="2022-03-24T09:56:25 IST" name="Default suite" finished-at="2022-03-24T09:57:19 IST" duration-ms="53424">
    <groups>
    </groups>
    <test started-at="2022-03-24T09:56:25 IST" name="Default test" finished-at="2022-03-24T09:57:19 IST" duration-ms="53424">
      <class name="com.qt.qualithon.test.MovieSearchTest">
        <test-method is-config="true" signature="testSessionSetUp()[pri:0, instance:com.qt.qualithon.test.MovieSearchTest@10feca44]" started-at="2022-03-24T09:56:25 IST" name="testSessionSetUp" finished-at="2022-03-24T09:56:29 IST" duration-ms="3641" status="PASS">
          <reporter-output>
          </reporter-output>
        </test-method> <!-- testSessionSetUp -->
        <test-method signature="testMovieMetadataOnWebHasCorrectMaturityRating(java.lang.String)[pri:0, instance:com.qt.qualithon.test.MovieSearchTest@10feca44]" started-at="2022-03-24T09:56:29 IST" name="testMovieMetadataOnWebHasCorrectMaturityRating" data-provider="popularMovieTitles" finished-at="2022-03-24T09:56:52 IST" duration-ms="22669" status="PASS">
          <params>
            <param index="0">
              <value>
                <![CDATA[A Clockwork Orange]]>
              </value>
            </param>
          </params>
          <reporter-output>
          </reporter-output>
        </test-method> <!-- testMovieMetadataOnWebHasCorrectMaturityRating -->
        <test-method is-config="true" signature="testTearDown()[pri:0, instance:com.qt.qualithon.test.MovieSearchTest@10feca44]" started-at="2022-03-24T09:56:52 IST" name="testTearDown" finished-at="2022-03-24T09:56:52 IST" duration-ms="686" status="PASS">
          <reporter-output>
          </reporter-output>
        </test-method> <!-- testTearDown -->
        <test-method is-config="true" signature="testSessionSetUp()[pri:0, instance:com.qt.qualithon.test.MovieSearchTest@10feca44]" started-at="2022-03-24T09:56:52 IST" name="testSessionSetUp" finished-at="2022-03-24T09:56:54 IST" duration-ms="2206" status="PASS">
          <reporter-output>
          </reporter-output>
        </test-method> <!-- testSessionSetUp -->
        <test-method signature="testMovieMetadataOnWebHasCorrectMaturityRating(java.lang.String)[pri:0, instance:com.qt.qualithon.test.MovieSearchTest@10feca44]" started-at="2022-03-24T09:56:54 IST" name="testMovieMetadataOnWebHasCorrectMaturityRating" data-provider="popularMovieTitles" finished-at="2022-03-24T09:57:18 IST" duration-ms="23485" status="PASS">
          <params>
            <param index="0">
              <value>
                <![CDATA[The Dark Knight Rises]]>
              </value>
            </param>
          </params>
          <reporter-output>
          </reporter-output>
        </test-method> <!-- testMovieMetadataOnWebHasCorrectMaturityRating -->
        <test-method is-config="true" signature="testTearDown()[pri:0, instance:com.qt.qualithon.test.MovieSearchTest@10feca44]" started-at="2022-03-24T09:57:18 IST" name="testTearDown" finished-at="2022-03-24T09:57:19 IST" duration-ms="691" status="PASS">
          <reporter-output>
          </reporter-output>
        </test-method> <!-- testTearDown -->
      </class> <!-- com.qt.qualithon.test.MovieSearchTest -->
    </test> <!-- Default test -->
  </suite> <!-- Default suite -->
</testng-results>
